0 info it worked if it ends with ok
1 verbose cli [ 'C:\\Program Files\\nodejs\\node.exe',
1 verbose cli   'C:\\Program Files\\nodejs\\node_modules\\npm\\bin\\npm-cli.js',
1 verbose cli   'instal',
1 verbose cli   'ymaps' ]
2 info using npm@2.15.9
3 info using node@v4.6.0
4 verbose install initial load of D:\study\Future programming model\second\package.json
5 warn package.json second@1.0.0 No description
6 warn package.json second@1.0.0 No repository field.
7 warn package.json second@1.0.0 No README data
8 verbose installManyTop reading scoped package data from D:\study\Future programming model\second\node_modules\coffee-script\package.json
9 verbose installManyTop reading scoped package data from D:\study\Future programming model\second\node_modules\gulp\package.json
10 verbose installManyTop reading scoped package data from D:\study\Future programming model\second\node_modules\gulp-clean\package.json
11 verbose installManyTop reading scoped package data from D:\study\Future programming model\second\node_modules\gulp-coffee\package.json
12 verbose installManyTop reading scoped package data from D:\study\Future programming model\second\node_modules\gulp-connect\package.json
13 verbose installManyTop reading scoped package data from D:\study\Future programming model\second\node_modules\gulp-jasmine\package.json
14 verbose installManyTop reading scoped package data from D:\study\Future programming model\second\node_modules\gulp-livereload\package.json
15 verbose installManyTop reading scoped package data from D:\study\Future programming model\second\node_modules\gulp-notify\package.json
16 verbose installManyTop reading scoped package data from D:\study\Future programming model\second\node_modules\gulp-react\package.json
17 verbose installManyTop reading scoped package data from D:\study\Future programming model\second\node_modules\gulp-requirejs\package.json
18 verbose installManyTop reading scoped package data from D:\study\Future programming model\second\node_modules\gulp-uglify\package.json
19 verbose installManyTop reading scoped package data from D:\study\Future programming model\second\node_modules\jasmine\package.json
20 verbose installManyTop reading scoped package data from D:\study\Future programming model\second\node_modules\react\package.json
21 verbose installManyTop reading scoped package data from D:\study\Future programming model\second\node_modules\react-addons-test-utils\package.json
22 verbose installManyTop reading scoped package data from D:\study\Future programming model\second\node_modules\react-dom\package.json
23 verbose installManyTop reading scoped package data from D:\study\Future programming model\second\node_modules\yandex-map-react\package.json
24 info package.json gulp-notify@2.2.0 No license field.
25 info package.json yandex-map-react@1.0.0-beta.13 No repository field.
26 verbose readDependencies loading dependencies from D:\study\Future programming model\second\package.json
27 silly cache add args [ 'ymaps', null ]
28 verbose cache add spec ymaps
29 silly cache add parsed spec Result {
29 silly cache add   raw: 'ymaps',
29 silly cache add   scope: null,
29 silly cache add   name: 'ymaps',
29 silly cache add   rawSpec: '',
29 silly cache add   spec: 'latest',
29 silly cache add   type: 'tag' }
30 silly addNamed ymaps@latest
31 verbose addNamed "latest" is being treated as a dist-tag for ymaps
32 info addNameTag [ 'ymaps', 'latest' ]
33 silly mapToRegistry name ymaps
34 silly mapToRegistry using default registry
35 silly mapToRegistry registry https://registry.npmjs.org/
36 silly mapToRegistry data Result {
36 silly mapToRegistry   raw: 'ymaps',
36 silly mapToRegistry   scope: null,
36 silly mapToRegistry   name: 'ymaps',
36 silly mapToRegistry   rawSpec: '',
36 silly mapToRegistry   spec: 'latest',
36 silly mapToRegistry   type: 'tag' }
37 silly mapToRegistry uri https://registry.npmjs.org/ymaps
38 verbose addNameTag registry:https://registry.npmjs.org/ymaps not in flight; fetching
39 verbose request uri https://registry.npmjs.org/ymaps
40 verbose request no auth needed
41 info attempt registry request try #1 at 12:54:08
42 verbose request id 6e6e53a27390b732
43 http request GET https://registry.npmjs.org/ymaps
44 http 404 https://registry.npmjs.org/ymaps
45 verbose headers { 'content-type': 'application/json',
45 verbose headers   'cache-control': 'max-age=0',
45 verbose headers   'content-length': '2',
45 verbose headers   'accept-ranges': 'bytes',
45 verbose headers   date: 'Fri, 30 Dec 2016 09:54:09 GMT',
45 verbose headers   via: '1.1 varnish',
45 verbose headers   age: '0',
45 verbose headers   connection: 'keep-alive',
45 verbose headers   'x-served-by': 'cache-bma7021-BMA',
45 verbose headers   'x-cache': 'MISS',
45 verbose headers   'x-cache-hits': '0',
45 verbose headers   'x-timer': 'S1483091648.649211,VS0,VE529',
45 verbose headers   vary: 'Accept-Encoding' }
46 silly get cb [ 404,
46 silly get   { 'content-type': 'application/json',
46 silly get     'cache-control': 'max-age=0',
46 silly get     'content-length': '2',
46 silly get     'accept-ranges': 'bytes',
46 silly get     date: 'Fri, 30 Dec 2016 09:54:09 GMT',
46 silly get     via: '1.1 varnish',
46 silly get     age: '0',
46 silly get     connection: 'keep-alive',
46 silly get     'x-served-by': 'cache-bma7021-BMA',
46 silly get     'x-cache': 'MISS',
46 silly get     'x-cache-hits': '0',
46 silly get     'x-timer': 'S1483091648.649211,VS0,VE529',
46 silly get     vary: 'Accept-Encoding' } ]
47 verbose stack Error: Registry returned 404 for GET on https://registry.npmjs.org/ymaps
47 verbose stack     at makeError (C:\Program Files\nodejs\node_modules\npm\node_modules\npm-registry-client\lib\request.js:264:12)
47 verbose stack     at CachingRegistryClient.<anonymous> (C:\Program Files\nodejs\node_modules\npm\node_modules\npm-registry-client\lib\request.js:242:14)
47 verbose stack     at Request._callback (C:\Program Files\nodejs\node_modules\npm\node_modules\npm-registry-client\lib\request.js:172:14)
47 verbose stack     at Request.self.callback (C:\Program Files\nodejs\node_modules\npm\node_modules\request\request.js:200:22)
47 verbose stack     at emitTwo (events.js:87:13)
47 verbose stack     at Request.emit (events.js:172:7)
47 verbose stack     at Request.<anonymous> (C:\Program Files\nodejs\node_modules\npm\node_modules\request\request.js:1067:10)
47 verbose stack     at emitOne (events.js:82:20)
47 verbose stack     at Request.emit (events.js:169:7)
47 verbose stack     at IncomingMessage.<anonymous> (C:\Program Files\nodejs\node_modules\npm\node_modules\request\request.js:988:12)
48 verbose statusCode 404
49 verbose pkgid ymaps
50 verbose cwd D:\study\Future programming model\second
51 error Windows_NT 10.0.14393
52 error argv "C:\\Program Files\\nodejs\\node.exe" "C:\\Program Files\\nodejs\\node_modules\\npm\\bin\\npm-cli.js" "instal" "ymaps"
53 error node v4.6.0
54 error npm  v2.15.9
55 error code E404
56 error 404 Registry returned 404 for GET on https://registry.npmjs.org/ymaps
56 error 404
56 error 404 'ymaps' is not in the npm registry.
56 error 404 You should bug the author to publish it (or use the name yourself!)
56 error 404 It was specified as a dependency of 'second'
56 error 404
56 error 404 Note that you can also install from a
56 error 404 tarball, folder, http url, or git url.
57 verbose exit [ 1, true ]
